2021-06-15 13:37:15,898 DEBUG    root            Loaded Command Group: ['gcloud', 'components']
2021-06-15 13:37:15,900 DEBUG    root            Loaded Command Group: ['gcloud', 'components', 'update']
2021-06-15 13:37:15,903 DEBUG    root            Running [gcloud.components.update] with arguments: [--quiet: "True", COMPONENT-IDS:8: "['gcloud', 'core', 'bq', 'gsutil', 'compute', 'preview', 'alpha', 'beta']"]
2021-06-15 13:37:15,909 INFO     ___FILE_ONLY___ Beginning update. This process may take several minutes.

2021-06-15 13:37:15,914 DEBUG    urllib3.connectionpool Starting new HTTPS connection (1): dl.google.com:443
2021-06-15 13:37:15,939 DEBUG    urllib3.connectionpool https://dl.google.com:443 "GET /dl/cloudsdk/channels/rapid/components-2.json HTTP/1.1" 200 154399
2021-06-15 13:37:15,954 WARNING  root            Component [preview] no longer exists.
2021-06-15 13:37:15,954 WARNING  root            Component [compute] no longer exists.
2021-06-15 13:37:15,955 INFO     ___FILE_ONLY___ 

2021-06-15 13:37:15,956 INFO     ___FILE_ONLY___ 
Your current Cloud SDK version is: 344.0.0

2021-06-15 13:37:15,956 INFO     ___FILE_ONLY___ Installing components from version: 344.0.0

2021-06-15 13:37:15,956 INFO     ___FILE_ONLY___ 

2021-06-15 13:37:15,960 INFO     ___FILE_ONLY___ ┌──────────────────────────────────────────────┐
2021-06-15 13:37:15,960 INFO     ___FILE_ONLY___ 

2021-06-15 13:37:15,960 INFO     ___FILE_ONLY___ │     These components will be installed.      │
2021-06-15 13:37:15,960 INFO     ___FILE_ONLY___ 

2021-06-15 13:37:15,960 INFO     ___FILE_ONLY___ ├───────────────────────┬────────────┬─────────┤
2021-06-15 13:37:15,960 INFO     ___FILE_ONLY___ 

2021-06-15 13:37:15,960 INFO     ___FILE_ONLY___ │          Name         │  Version   │   Size  │
2021-06-15 13:37:15,960 INFO     ___FILE_ONLY___ 

2021-06-15 13:37:15,961 INFO     ___FILE_ONLY___ ├───────────────────────┼────────────┼─────────┤
2021-06-15 13:37:15,961 INFO     ___FILE_ONLY___ 

2021-06-15 13:37:15,961 INFO     ___FILE_ONLY___ │ 
2021-06-15 13:37:15,961 INFO     ___FILE_ONLY___ gcloud Alpha Commands
2021-06-15 13:37:15,961 INFO     ___FILE_ONLY___  
2021-06-15 13:37:15,961 INFO     ___FILE_ONLY___ │ 
2021-06-15 13:37:15,961 INFO     ___FILE_ONLY___ 2019.05.17
2021-06-15 13:37:15,961 INFO     ___FILE_ONLY___  
2021-06-15 13:37:15,961 INFO     ___FILE_ONLY___ │ 
2021-06-15 13:37:15,961 INFO     ___FILE_ONLY___ < 1 MiB
2021-06-15 13:37:15,962 INFO     ___FILE_ONLY___  
2021-06-15 13:37:15,962 INFO     ___FILE_ONLY___ │
2021-06-15 13:37:15,962 INFO     ___FILE_ONLY___ 

2021-06-15 13:37:15,962 INFO     ___FILE_ONLY___ │ 
2021-06-15 13:37:15,962 INFO     ___FILE_ONLY___ gcloud Beta Commands 
2021-06-15 13:37:15,962 INFO     ___FILE_ONLY___  
2021-06-15 13:37:15,962 INFO     ___FILE_ONLY___ │ 
2021-06-15 13:37:15,962 INFO     ___FILE_ONLY___ 2019.05.17
2021-06-15 13:37:15,962 INFO     ___FILE_ONLY___  
2021-06-15 13:37:15,962 INFO     ___FILE_ONLY___ │ 
2021-06-15 13:37:15,963 INFO     ___FILE_ONLY___ < 1 MiB
2021-06-15 13:37:15,963 INFO     ___FILE_ONLY___  
2021-06-15 13:37:15,963 INFO     ___FILE_ONLY___ │
2021-06-15 13:37:15,963 INFO     ___FILE_ONLY___ 

2021-06-15 13:37:15,963 INFO     ___FILE_ONLY___ └───────────────────────┴────────────┴─────────┘
2021-06-15 13:37:15,963 INFO     ___FILE_ONLY___ 

2021-06-15 13:37:15,963 INFO     ___FILE_ONLY___ 

2021-06-15 13:37:15,965 DEBUG    urllib3.connectionpool Starting new HTTPS connection (1): dl.google.com:443
2021-06-15 13:37:15,987 DEBUG    urllib3.connectionpool https://dl.google.com:443 "GET /dl/cloudsdk/channels/rapid/RELEASE_NOTES HTTP/1.1" 200 652364
2021-06-15 13:37:16,026 INFO     ___FILE_ONLY___ For the latest full release notes, please visit:
  https://cloud.google.com/sdk/release_notes


2021-06-15 13:37:16,030 INFO     ___FILE_ONLY___ ╔════════════════════════════════════════════════════════════╗

2021-06-15 13:37:16,031 INFO     ___FILE_ONLY___ ╠═ Creating update staging area                             ═╣

2021-06-15 13:37:16,031 INFO     ___FILE_ONLY___ ╚
2021-06-15 13:37:16,031 INFO     ___FILE_ONLY___ ══════
2021-06-15 13:37:16,567 INFO     ___FILE_ONLY___ ══════
2021-06-15 13:37:16,567 INFO     ___FILE_ONLY___ ══════
2021-06-15 13:37:16,836 INFO     ___FILE_ONLY___ ═
2021-06-15 13:37:16,923 INFO     ___FILE_ONLY___ ═
2021-06-15 13:37:16,997 INFO     ___FILE_ONLY___ ═
2021-06-15 13:37:17,078 INFO     ___FILE_ONLY___ ═
2021-06-15 13:37:17,132 INFO     ___FILE_ONLY___ ═
2021-06-15 13:37:17,259 INFO     ___FILE_ONLY___ ═
2021-06-15 13:37:17,316 INFO     ___FILE_ONLY___ ═
2021-06-15 13:37:17,397 INFO     ___FILE_ONLY___ ═
2021-06-15 13:37:17,466 INFO     ___FILE_ONLY___ ═
2021-06-15 13:37:17,701 INFO     ___FILE_ONLY___ ═
2021-06-15 13:37:17,756 INFO     ___FILE_ONLY___ ═
2021-06-15 13:37:17,817 INFO     ___FILE_ONLY___ ═
2021-06-15 13:37:17,875 INFO     ___FILE_ONLY___ ═
2021-06-15 13:37:17,939 INFO     ___FILE_ONLY___ ═
2021-06-15 13:37:17,986 INFO     ___FILE_ONLY___ ═
2021-06-15 13:37:18,036 INFO     ___FILE_ONLY___ ═
2021-06-15 13:37:18,100 INFO     ___FILE_ONLY___ ═
2021-06-15 13:37:18,156 INFO     ___FILE_ONLY___ ═
2021-06-15 13:37:18,207 INFO     ___FILE_ONLY___ ═
2021-06-15 13:37:18,260 INFO     ___FILE_ONLY___ ═
2021-06-15 13:37:18,307 INFO     ___FILE_ONLY___ ═
2021-06-15 13:37:18,384 INFO     ___FILE_ONLY___ ═
2021-06-15 13:37:18,460 INFO     ___FILE_ONLY___ ═
2021-06-15 13:37:18,556 INFO     ___FILE_ONLY___ ═
2021-06-15 13:37:18,607 INFO     ___FILE_ONLY___ ═
2021-06-15 13:37:18,673 INFO     ___FILE_ONLY___ ═
2021-06-15 13:37:18,725 INFO     ___FILE_ONLY___ ═
2021-06-15 13:37:18,780 INFO     ___FILE_ONLY___ ═
2021-06-15 13:37:18,855 INFO     ___FILE_ONLY___ ═
2021-06-15 13:37:18,913 INFO     ___FILE_ONLY___ ═
2021-06-15 13:37:18,974 INFO     ___FILE_ONLY___ ═
2021-06-15 13:37:19,033 INFO     ___FILE_ONLY___ ═
2021-06-15 13:37:19,112 INFO     ___FILE_ONLY___ ═
2021-06-15 13:37:19,341 INFO     ___FILE_ONLY___ ═
2021-06-15 13:37:19,424 INFO     ___FILE_ONLY___ ═
2021-06-15 13:37:19,738 INFO     ___FILE_ONLY___ ═
2021-06-15 13:37:19,779 INFO     ___FILE_ONLY___ ═
2021-06-15 13:37:19,821 INFO     ___FILE_ONLY___ ═
2021-06-15 13:37:19,853 INFO     ___FILE_ONLY___ ═
2021-06-15 13:37:19,886 INFO     ___FILE_ONLY___ ═
2021-06-15 13:37:19,918 INFO     ___FILE_ONLY___ ═
2021-06-15 13:37:19,948 INFO     ___FILE_ONLY___ ═
2021-06-15 13:37:19,949 INFO     ___FILE_ONLY___ ╝

2021-06-15 13:37:22,073 INFO     ___FILE_ONLY___ ╔════════════════════════════════════════════════════════════╗

2021-06-15 13:37:22,073 INFO     ___FILE_ONLY___ ╠═ Installing: gcloud Alpha Commands                        ═╣

2021-06-15 13:37:22,073 INFO     ___FILE_ONLY___ ╚
2021-06-15 13:37:22,077 DEBUG    urllib3.connectionpool Starting new HTTPS connection (1): dl.google.com:443
2021-06-15 13:37:22,097 DEBUG    urllib3.connectionpool https://dl.google.com:443 "GET /dl/cloudsdk/channels/rapid/components/google-cloud-sdk-alpha-20190517151807.tar.gz HTTP/1.1" 200 775
2021-06-15 13:37:22,098 INFO     ___FILE_ONLY___ ══════════════════════════════
2021-06-15 13:37:22,100 INFO     ___FILE_ONLY___ ═══════
2021-06-15 13:37:22,100 INFO     ___FILE_ONLY___ ════════
2021-06-15 13:37:22,100 INFO     ___FILE_ONLY___ ═══════
2021-06-15 13:37:22,101 INFO     ___FILE_ONLY___ ════════
2021-06-15 13:37:22,101 INFO     ___FILE_ONLY___ ╝

2021-06-15 13:37:22,111 INFO     ___FILE_ONLY___ ╔════════════════════════════════════════════════════════════╗

2021-06-15 13:37:22,111 INFO     ___FILE_ONLY___ ╠═ Installing: gcloud Beta Commands                         ═╣

2021-06-15 13:37:22,111 INFO     ___FILE_ONLY___ ╚
2021-06-15 13:37:22,115 DEBUG    urllib3.connectionpool Starting new HTTPS connection (1): dl.google.com:443
2021-06-15 13:37:22,134 DEBUG    urllib3.connectionpool https://dl.google.com:443 "GET /dl/cloudsdk/channels/rapid/components/google-cloud-sdk-beta-20190517151807.tar.gz HTTP/1.1" 200 774
2021-06-15 13:37:22,135 INFO     ___FILE_ONLY___ ══════════════════════════════
2021-06-15 13:37:22,136 INFO     ___FILE_ONLY___ ═══════
2021-06-15 13:37:22,136 INFO     ___FILE_ONLY___ ════════
2021-06-15 13:37:22,137 INFO     ___FILE_ONLY___ ═══════
2021-06-15 13:37:22,137 INFO     ___FILE_ONLY___ ════════
2021-06-15 13:37:22,137 INFO     ___FILE_ONLY___ ╝

2021-06-15 13:37:22,147 INFO     ___FILE_ONLY___ ╔════════════════════════════════════════════════════════════╗

2021-06-15 13:37:22,147 INFO     ___FILE_ONLY___ ╠═ Creating backup and activating new installation          ═╣

2021-06-15 13:37:22,147 INFO     ___FILE_ONLY___ ╚
2021-06-15 13:37:22,148 DEBUG    root            Attempting to move directory [/tools/google-cloud-sdk] to [/tools/google-cloud-sdk.staging/.install/.backup]
2021-06-15 13:37:22,148 INFO     ___FILE_ONLY___ ══════════════════════════════
2021-06-15 13:37:22,148 DEBUG    root            Attempting to move directory [/tools/google-cloud-sdk.staging] to [/tools/google-cloud-sdk]
2021-06-15 13:37:22,148 INFO     ___FILE_ONLY___ ══════════════════════════════
2021-06-15 13:37:22,148 INFO     ___FILE_ONLY___ ╝

2021-06-15 13:37:22,153 DEBUG    root            Updating notification cache...
2021-06-15 13:37:22,153 INFO     ___FILE_ONLY___ 

2021-06-15 13:37:22,157 INFO     ___FILE_ONLY___ Performing post processing steps...
2021-06-15 13:37:22,158 DEBUG    root            Executing command: ['python3', '-S', '/tools/google-cloud-sdk/lib/gcloud.py', 'components', 'post-process']
2021-06-15 13:37:38,973 DEBUG    ___FILE_ONLY___ 
2021-06-15 13:37:38,974 DEBUG    ___FILE_ONLY___ 
2021-06-15 13:37:39,183 INFO     ___FILE_ONLY___ 
Update done!


2021-06-15 13:37:39,187 INFO     root            Display format: "none"
