2021-06-15 13:36:40,407 DEBUG    root            Loaded Command Group: ['gcloud', 'components']
2021-06-15 13:36:40,411 DEBUG    root            Loaded Command Group: ['gcloud', 'components', 'update']
2021-06-15 13:36:40,414 DEBUG    root            Running [gcloud.components.update] with arguments: [--allow-no-backup: "True", --quiet: "True", COMPONENT-IDS:6: "['core', 'gcloud-deps', 'bq', 'gcloud', 'gsutil', 'anthoscli']"]
2021-06-15 13:36:40,420 INFO     ___FILE_ONLY___ Beginning update. This process may take several minutes.

2021-06-15 13:36:52,449 DEBUG    urllib3.connectionpool Starting new HTTPS connection (1): dl.google.com:443
2021-06-15 13:36:52,473 DEBUG    urllib3.connectionpool https://dl.google.com:443 "GET /dl/cloudsdk/channels/rapid/components-2.json HTTP/1.1" 200 154399
2021-06-15 13:36:52,490 INFO     ___FILE_ONLY___ 

2021-06-15 13:36:52,490 INFO     ___FILE_ONLY___ 
Your current Cloud SDK version is: 344.0.0

2021-06-15 13:36:52,490 INFO     ___FILE_ONLY___ Installing components from version: 344.0.0

2021-06-15 13:36:52,491 INFO     ___FILE_ONLY___ 

2021-06-15 13:36:52,498 INFO     ___FILE_ONLY___ ┌─────────────────────────────────────────────────────────────────────────────┐
2021-06-15 13:36:52,498 INFO     ___FILE_ONLY___ 

2021-06-15 13:36:52,499 INFO     ___FILE_ONLY___ │                     These components will be installed.                     │
2021-06-15 13:36:52,499 INFO     ___FILE_ONLY___ 

2021-06-15 13:36:52,499 INFO     ___FILE_ONLY___ ├─────────────────────────────────────────────────────┬────────────┬──────────┤
2021-06-15 13:36:52,499 INFO     ___FILE_ONLY___ 

2021-06-15 13:36:52,499 INFO     ___FILE_ONLY___ │                         Name                        │  Version   │   Size   │
2021-06-15 13:36:52,499 INFO     ___FILE_ONLY___ 

2021-06-15 13:36:52,499 INFO     ___FILE_ONLY___ ├─────────────────────────────────────────────────────┼────────────┼──────────┤
2021-06-15 13:36:52,500 INFO     ___FILE_ONLY___ 

2021-06-15 13:36:52,500 INFO     ___FILE_ONLY___ │ 
2021-06-15 13:36:52,500 INFO     ___FILE_ONLY___ BigQuery Command Line Tool                         
2021-06-15 13:36:52,500 INFO     ___FILE_ONLY___  
2021-06-15 13:36:52,500 INFO     ___FILE_ONLY___ │ 
2021-06-15 13:36:52,501 INFO     ___FILE_ONLY___     2.0.69
2021-06-15 13:36:52,501 INFO     ___FILE_ONLY___  
2021-06-15 13:36:52,501 INFO     ___FILE_ONLY___ │ 
2021-06-15 13:36:52,501 INFO     ___FILE_ONLY___  < 1 MiB
2021-06-15 13:36:52,501 INFO     ___FILE_ONLY___  
2021-06-15 13:36:52,502 INFO     ___FILE_ONLY___ │
2021-06-15 13:36:52,502 INFO     ___FILE_ONLY___ 

2021-06-15 13:36:52,502 INFO     ___FILE_ONLY___ │ 
2021-06-15 13:36:52,502 INFO     ___FILE_ONLY___ BigQuery Command Line Tool (Platform Specific)     
2021-06-15 13:36:52,502 INFO     ___FILE_ONLY___  
2021-06-15 13:36:52,502 INFO     ___FILE_ONLY___ │ 
2021-06-15 13:36:52,502 INFO     ___FILE_ONLY___     2.0.65
2021-06-15 13:36:52,502 INFO     ___FILE_ONLY___  
2021-06-15 13:36:52,502 INFO     ___FILE_ONLY___ │ 
2021-06-15 13:36:52,503 INFO     ___FILE_ONLY___  < 1 MiB
2021-06-15 13:36:52,503 INFO     ___FILE_ONLY___  
2021-06-15 13:36:52,503 INFO     ___FILE_ONLY___ │
2021-06-15 13:36:52,503 INFO     ___FILE_ONLY___ 

2021-06-15 13:36:52,503 INFO     ___FILE_ONLY___ │ 
2021-06-15 13:36:52,503 INFO     ___FILE_ONLY___ Cloud SDK Core Libraries (Platform Specific)       
2021-06-15 13:36:52,503 INFO     ___FILE_ONLY___  
2021-06-15 13:36:52,503 INFO     ___FILE_ONLY___ │ 
2021-06-15 13:36:52,503 INFO     ___FILE_ONLY___ 2021.03.12
2021-06-15 13:36:52,503 INFO     ___FILE_ONLY___  
2021-06-15 13:36:52,504 INFO     ___FILE_ONLY___ │ 
2021-06-15 13:36:52,504 INFO     ___FILE_ONLY___  < 1 MiB
2021-06-15 13:36:52,504 INFO     ___FILE_ONLY___  
2021-06-15 13:36:52,504 INFO     ___FILE_ONLY___ │
2021-06-15 13:36:52,504 INFO     ___FILE_ONLY___ 

2021-06-15 13:36:52,504 INFO     ___FILE_ONLY___ │ 
2021-06-15 13:36:52,504 INFO     ___FILE_ONLY___ Cloud Storage Command Line Tool                    
2021-06-15 13:36:52,504 INFO     ___FILE_ONLY___  
2021-06-15 13:36:52,504 INFO     ___FILE_ONLY___ │ 
2021-06-15 13:36:52,505 INFO     ___FILE_ONLY___       4.62
2021-06-15 13:36:52,505 INFO     ___FILE_ONLY___  
2021-06-15 13:36:52,505 INFO     ___FILE_ONLY___ │ 
2021-06-15 13:36:52,505 INFO     ___FILE_ONLY___  3.9 MiB
2021-06-15 13:36:52,505 INFO     ___FILE_ONLY___  
2021-06-15 13:36:52,505 INFO     ___FILE_ONLY___ │
2021-06-15 13:36:52,505 INFO     ___FILE_ONLY___ 

2021-06-15 13:36:52,505 INFO     ___FILE_ONLY___ │ 
2021-06-15 13:36:52,505 INFO     ___FILE_ONLY___ Cloud Storage Command Line Tool (Platform Specific)
2021-06-15 13:36:52,505 INFO     ___FILE_ONLY___  
2021-06-15 13:36:52,506 INFO     ___FILE_ONLY___ │ 
2021-06-15 13:36:52,506 INFO     ___FILE_ONLY___       4.59
2021-06-15 13:36:52,506 INFO     ___FILE_ONLY___  
2021-06-15 13:36:52,506 INFO     ___FILE_ONLY___ │ 
2021-06-15 13:36:52,506 INFO     ___FILE_ONLY___  < 1 MiB
2021-06-15 13:36:52,506 INFO     ___FILE_ONLY___  
2021-06-15 13:36:52,506 INFO     ___FILE_ONLY___ │
2021-06-15 13:36:52,506 INFO     ___FILE_ONLY___ 

2021-06-15 13:36:52,506 INFO     ___FILE_ONLY___ │ 
2021-06-15 13:36:52,506 INFO     ___FILE_ONLY___ anthoscli                                          
2021-06-15 13:36:52,507 INFO     ___FILE_ONLY___  
2021-06-15 13:36:52,507 INFO     ___FILE_ONLY___ │ 
2021-06-15 13:36:52,507 INFO     ___FILE_ONLY___     0.2.16
2021-06-15 13:36:52,507 INFO     ___FILE_ONLY___  
2021-06-15 13:36:52,507 INFO     ___FILE_ONLY___ │ 
2021-06-15 13:36:52,507 INFO     ___FILE_ONLY___ 47.0 MiB
2021-06-15 13:36:52,507 INFO     ___FILE_ONLY___  
2021-06-15 13:36:52,507 INFO     ___FILE_ONLY___ │
2021-06-15 13:36:52,507 INFO     ___FILE_ONLY___ 

2021-06-15 13:36:52,508 INFO     ___FILE_ONLY___ │ 
2021-06-15 13:36:52,508 INFO     ___FILE_ONLY___ gcloud cli dependencies                            
2021-06-15 13:36:52,508 INFO     ___FILE_ONLY___  
2021-06-15 13:36:52,508 INFO     ___FILE_ONLY___ │ 
2021-06-15 13:36:52,508 INFO     ___FILE_ONLY___ 2021.04.16
2021-06-15 13:36:52,508 INFO     ___FILE_ONLY___  
2021-06-15 13:36:52,508 INFO     ___FILE_ONLY___ │ 
2021-06-15 13:36:52,508 INFO     ___FILE_ONLY___  < 1 MiB
2021-06-15 13:36:52,508 INFO     ___FILE_ONLY___  
2021-06-15 13:36:52,508 INFO     ___FILE_ONLY___ │
2021-06-15 13:36:52,509 INFO     ___FILE_ONLY___ 

2021-06-15 13:36:52,509 INFO     ___FILE_ONLY___ └─────────────────────────────────────────────────────┴────────────┴──────────┘
2021-06-15 13:36:52,509 INFO     ___FILE_ONLY___ 

2021-06-15 13:36:52,509 INFO     ___FILE_ONLY___ 

2021-06-15 13:36:52,511 DEBUG    urllib3.connectionpool Starting new HTTPS connection (1): dl.google.com:443
2021-06-15 13:36:52,531 DEBUG    urllib3.connectionpool https://dl.google.com:443 "GET /dl/cloudsdk/channels/rapid/RELEASE_NOTES HTTP/1.1" 200 652364
2021-06-15 13:36:52,568 INFO     ___FILE_ONLY___ For the latest full release notes, please visit:
  https://cloud.google.com/sdk/release_notes


2021-06-15 13:36:52,573 INFO     ___FILE_ONLY___ ╔════════════════════════════════════════════════════════════╗

2021-06-15 13:36:52,573 INFO     ___FILE_ONLY___ ╠═ Creating update staging area                             ═╣

2021-06-15 13:36:52,573 INFO     ___FILE_ONLY___ ╚
2021-06-15 13:36:52,574 INFO     ___FILE_ONLY___ ══════
2021-06-15 13:36:52,574 INFO     ___FILE_ONLY___ ══════
2021-06-15 13:36:52,574 INFO     ___FILE_ONLY___ ══════
2021-06-15 13:36:52,808 INFO     ___FILE_ONLY___ ═
2021-06-15 13:36:52,866 INFO     ___FILE_ONLY___ ═
2021-06-15 13:36:52,919 INFO     ___FILE_ONLY___ ═
2021-06-15 13:36:52,970 INFO     ___FILE_ONLY___ ═
2021-06-15 13:36:53,026 INFO     ___FILE_ONLY___ ═
2021-06-15 13:36:53,080 INFO     ___FILE_ONLY___ ═
2021-06-15 13:36:53,130 INFO     ___FILE_ONLY___ ═
2021-06-15 13:36:53,183 INFO     ___FILE_ONLY___ ═
2021-06-15 13:36:53,256 INFO     ___FILE_ONLY___ ═
2021-06-15 13:36:53,325 INFO     ___FILE_ONLY___ ═
2021-06-15 13:36:53,386 INFO     ___FILE_ONLY___ ═
2021-06-15 13:36:53,439 INFO     ___FILE_ONLY___ ═
2021-06-15 13:36:53,494 INFO     ___FILE_ONLY___ ═
2021-06-15 13:36:53,550 INFO     ___FILE_ONLY___ ═
2021-06-15 13:36:53,614 INFO     ___FILE_ONLY___ ═
2021-06-15 13:36:53,802 INFO     ___FILE_ONLY___ ═
2021-06-15 13:36:53,980 INFO     ___FILE_ONLY___ ═
2021-06-15 13:36:54,007 INFO     ___FILE_ONLY___ ═
2021-06-15 13:36:54,043 INFO     ___FILE_ONLY___ ═
2021-06-15 13:36:54,082 INFO     ___FILE_ONLY___ ═
2021-06-15 13:36:54,111 INFO     ___FILE_ONLY___ ═
2021-06-15 13:36:54,137 INFO     ___FILE_ONLY___ ═
2021-06-15 13:36:54,164 INFO     ___FILE_ONLY___ ═
2021-06-15 13:36:54,191 INFO     ___FILE_ONLY___ ═
2021-06-15 13:36:54,254 INFO     ___FILE_ONLY___ ═
2021-06-15 13:36:54,311 INFO     ___FILE_ONLY___ ═
2021-06-15 13:36:54,395 INFO     ___FILE_ONLY___ ═
2021-06-15 13:36:54,447 INFO     ___FILE_ONLY___ ═
2021-06-15 13:36:54,504 INFO     ___FILE_ONLY___ ═
2021-06-15 13:36:54,553 INFO     ___FILE_ONLY___ ═
2021-06-15 13:36:54,598 INFO     ___FILE_ONLY___ ═
2021-06-15 13:36:54,636 INFO     ___FILE_ONLY___ ═
2021-06-15 13:36:54,705 INFO     ___FILE_ONLY___ ═
2021-06-15 13:36:54,773 INFO     ___FILE_ONLY___ ═
2021-06-15 13:36:54,833 INFO     ___FILE_ONLY___ ═
2021-06-15 13:36:54,906 INFO     ___FILE_ONLY___ ═
2021-06-15 13:36:54,961 INFO     ___FILE_ONLY___ ═
2021-06-15 13:36:55,036 INFO     ___FILE_ONLY___ ═
2021-06-15 13:36:55,092 INFO     ___FILE_ONLY___ ═
2021-06-15 13:36:55,151 INFO     ___FILE_ONLY___ ═
2021-06-15 13:36:55,246 INFO     ___FILE_ONLY___ ═
2021-06-15 13:36:55,298 INFO     ___FILE_ONLY___ ═
2021-06-15 13:36:55,299 INFO     ___FILE_ONLY___ ╝

2021-06-15 13:36:55,395 INFO     ___FILE_ONLY___ ╔════════════════════════════════════════════════════════════╗

2021-06-15 13:36:55,396 INFO     ___FILE_ONLY___ ╠═ Installing: BigQuery Command Line Tool                   ═╣

2021-06-15 13:36:55,396 INFO     ___FILE_ONLY___ ╚
2021-06-15 13:36:55,400 DEBUG    urllib3.connectionpool Starting new HTTPS connection (1): dl.google.com:443
2021-06-15 13:36:55,423 DEBUG    urllib3.connectionpool https://dl.google.com:443 "GET /dl/cloudsdk/channels/rapid/components/google-cloud-sdk-bq-20210527191614.tar.gz HTTP/1.1" 200 985809
2021-06-15 13:36:55,435 INFO     ___FILE_ONLY___ ═
2021-06-15 13:36:55,435 INFO     ___FILE_ONLY___ ═
2021-06-15 13:36:55,435 INFO     ___FILE_ONLY___ ═
2021-06-15 13:36:55,435 INFO     ___FILE_ONLY___ ═
2021-06-15 13:36:55,436 INFO     ___FILE_ONLY___ ═
2021-06-15 13:36:55,436 INFO     ___FILE_ONLY___ ═
2021-06-15 13:36:55,436 INFO     ___FILE_ONLY___ ═
2021-06-15 13:36:55,436 INFO     ___FILE_ONLY___ ═
2021-06-15 13:36:55,436 INFO     ___FILE_ONLY___ ═
2021-06-15 13:36:55,436 INFO     ___FILE_ONLY___ ═
2021-06-15 13:36:55,437 INFO     ___FILE_ONLY___ ═
2021-06-15 13:36:55,437 INFO     ___FILE_ONLY___ ═
2021-06-15 13:36:55,437 INFO     ___FILE_ONLY___ ═
2021-06-15 13:36:55,437 INFO     ___FILE_ONLY___ ═
2021-06-15 13:36:55,437 INFO     ___FILE_ONLY___ ═
2021-06-15 13:36:55,437 INFO     ___FILE_ONLY___ ═
2021-06-15 13:36:55,438 INFO     ___FILE_ONLY___ ═
2021-06-15 13:36:55,438 INFO     ___FILE_ONLY___ ═
2021-06-15 13:36:55,438 INFO     ___FILE_ONLY___ ═
2021-06-15 13:36:55,438 INFO     ___FILE_ONLY___ ═
2021-06-15 13:36:55,438 INFO     ___FILE_ONLY___ ═
2021-06-15 13:36:55,438 INFO     ___FILE_ONLY___ ═
2021-06-15 13:36:55,438 INFO     ___FILE_ONLY___ ═
2021-06-15 13:36:55,439 INFO     ___FILE_ONLY___ ═
2021-06-15 13:36:55,439 INFO     ___FILE_ONLY___ ═
2021-06-15 13:36:55,439 INFO     ___FILE_ONLY___ ═
2021-06-15 13:36:55,439 INFO     ___FILE_ONLY___ ═
2021-06-15 13:36:55,439 INFO     ___FILE_ONLY___ ═
2021-06-15 13:36:55,439 INFO     ___FILE_ONLY___ ═
2021-06-15 13:36:55,440 INFO     ___FILE_ONLY___ ═
2021-06-15 13:36:55,496 INFO     ___FILE_ONLY___ ═
2021-06-15 13:36:55,505 INFO     ___FILE_ONLY___ ═
2021-06-15 13:36:55,508 INFO     ___FILE_ONLY___ ═
2021-06-15 13:36:55,512 INFO     ___FILE_ONLY___ ═
2021-06-15 13:36:55,515 INFO     ___FILE_ONLY___ ═
2021-06-15 13:36:55,518 INFO     ___FILE_ONLY___ ═
2021-06-15 13:36:55,522 INFO     ___FILE_ONLY___ ═
2021-06-15 13:36:55,525 INFO     ___FILE_ONLY___ ═
2021-06-15 13:36:55,528 INFO     ___FILE_ONLY___ ═
2021-06-15 13:36:55,531 INFO     ___FILE_ONLY___ ═
2021-06-15 13:36:55,537 INFO     ___FILE_ONLY___ ═
2021-06-15 13:36:55,541 INFO     ___FILE_ONLY___ ═
2021-06-15 13:36:55,545 INFO     ___FILE_ONLY___ ═
2021-06-15 13:36:55,548 INFO     ___FILE_ONLY___ ═
2021-06-15 13:36:55,551 INFO     ___FILE_ONLY___ ═
2021-06-15 13:36:55,554 INFO     ___FILE_ONLY___ ═
2021-06-15 13:36:55,556 INFO     ___FILE_ONLY___ ═
2021-06-15 13:36:55,560 INFO     ___FILE_ONLY___ ═
2021-06-15 13:36:55,562 INFO     ___FILE_ONLY___ ═
2021-06-15 13:36:55,566 INFO     ___FILE_ONLY___ ═
2021-06-15 13:36:55,569 INFO     ___FILE_ONLY___ ═
2021-06-15 13:36:55,572 INFO     ___FILE_ONLY___ ═
2021-06-15 13:36:55,575 INFO     ___FILE_ONLY___ ═
2021-06-15 13:36:55,578 INFO     ___FILE_ONLY___ ═
2021-06-15 13:36:55,581 INFO     ___FILE_ONLY___ ═
2021-06-15 13:36:55,584 INFO     ___FILE_ONLY___ ═
2021-06-15 13:36:55,587 INFO     ___FILE_ONLY___ ═
2021-06-15 13:36:55,590 INFO     ___FILE_ONLY___ ═
2021-06-15 13:36:55,594 INFO     ___FILE_ONLY___ ═
2021-06-15 13:36:55,597 INFO     ___FILE_ONLY___ ═
2021-06-15 13:36:55,597 INFO     ___FILE_ONLY___ ╝

2021-06-15 13:36:55,611 INFO     ___FILE_ONLY___ ╔════════════════════════════════════════════════════════════╗

2021-06-15 13:36:55,611 INFO     ___FILE_ONLY___ ╠═ Installing: BigQuery Command Line Tool (Platform Spec... ═╣

2021-06-15 13:36:55,611 INFO     ___FILE_ONLY___ ╚
2021-06-15 13:36:55,615 DEBUG    urllib3.connectionpool Starting new HTTPS connection (1): dl.google.com:443
2021-06-15 13:36:55,636 DEBUG    urllib3.connectionpool https://dl.google.com:443 "GET /dl/cloudsdk/channels/rapid/components/google-cloud-sdk-bq-nix-20210312165631.tar.gz HTTP/1.1" 200 1848
2021-06-15 13:36:55,637 INFO     ___FILE_ONLY___ ══════════════════════════════
2021-06-15 13:36:55,638 INFO     ___FILE_ONLY___ ══════════════════════════════
2021-06-15 13:36:55,638 INFO     ___FILE_ONLY___ ╝

2021-06-15 13:36:55,647 INFO     ___FILE_ONLY___ ╔════════════════════════════════════════════════════════════╗

2021-06-15 13:36:55,647 INFO     ___FILE_ONLY___ ╠═ Installing: Cloud SDK Core Libraries (Platform Specific) ═╣

2021-06-15 13:36:55,647 INFO     ___FILE_ONLY___ ╚
2021-06-15 13:36:55,651 DEBUG    urllib3.connectionpool Starting new HTTPS connection (1): dl.google.com:443
2021-06-15 13:36:55,670 DEBUG    urllib3.connectionpool https://dl.google.com:443 "GET /dl/cloudsdk/channels/rapid/components/google-cloud-sdk-core-nix-20210312165631.tar.gz HTTP/1.1" 200 2227
2021-06-15 13:36:55,671 INFO     ___FILE_ONLY___ ══════════════════════════════
2021-06-15 13:36:55,672 INFO     ___FILE_ONLY___ ═══════════════
2021-06-15 13:36:55,673 INFO     ___FILE_ONLY___ ═══════════════
2021-06-15 13:36:55,673 INFO     ___FILE_ONLY___ ╝

2021-06-15 13:36:55,683 INFO     ___FILE_ONLY___ ╔════════════════════════════════════════════════════════════╗

2021-06-15 13:36:55,683 INFO     ___FILE_ONLY___ ╠═ Installing: Cloud Storage Command Line Tool              ═╣

2021-06-15 13:36:55,683 INFO     ___FILE_ONLY___ ╚
2021-06-15 13:36:55,687 DEBUG    urllib3.connectionpool Starting new HTTPS connection (1): dl.google.com:443
2021-06-15 13:36:55,709 DEBUG    urllib3.connectionpool https://dl.google.com:443 "GET /dl/cloudsdk/channels/rapid/components/google-cloud-sdk-gsutil-20210604144407.tar.gz HTTP/1.1" 200 4070016
2021-06-15 13:36:55,748 INFO     ___FILE_ONLY___ ═
2021-06-15 13:36:55,749 INFO     ___FILE_ONLY___ ═
2021-06-15 13:36:55,749 INFO     ___FILE_ONLY___ ═
2021-06-15 13:36:55,749 INFO     ___FILE_ONLY___ ═
2021-06-15 13:36:55,749 INFO     ___FILE_ONLY___ ═
2021-06-15 13:36:55,750 INFO     ___FILE_ONLY___ ═
2021-06-15 13:36:55,750 INFO     ___FILE_ONLY___ ═
2021-06-15 13:36:55,750 INFO     ___FILE_ONLY___ ═
2021-06-15 13:36:55,751 INFO     ___FILE_ONLY___ ═
2021-06-15 13:36:55,751 INFO     ___FILE_ONLY___ ═
2021-06-15 13:36:55,751 INFO     ___FILE_ONLY___ ═
2021-06-15 13:36:55,752 INFO     ___FILE_ONLY___ ═
2021-06-15 13:36:55,752 INFO     ___FILE_ONLY___ ═
2021-06-15 13:36:55,752 INFO     ___FILE_ONLY___ ═
2021-06-15 13:36:55,752 INFO     ___FILE_ONLY___ ═
2021-06-15 13:36:55,753 INFO     ___FILE_ONLY___ ═
2021-06-15 13:36:55,753 INFO     ___FILE_ONLY___ ═
2021-06-15 13:36:55,753 INFO     ___FILE_ONLY___ ═
2021-06-15 13:36:55,754 INFO     ___FILE_ONLY___ ═
2021-06-15 13:36:55,754 INFO     ___FILE_ONLY___ ═
2021-06-15 13:36:55,754 INFO     ___FILE_ONLY___ ═
2021-06-15 13:36:55,755 INFO     ___FILE_ONLY___ ═
2021-06-15 13:36:55,755 INFO     ___FILE_ONLY___ ═
2021-06-15 13:36:55,755 INFO     ___FILE_ONLY___ ═
2021-06-15 13:36:55,755 INFO     ___FILE_ONLY___ ═
2021-06-15 13:36:55,756 INFO     ___FILE_ONLY___ ═
2021-06-15 13:36:55,756 INFO     ___FILE_ONLY___ ═
2021-06-15 13:36:55,756 INFO     ___FILE_ONLY___ ═
2021-06-15 13:36:55,757 INFO     ___FILE_ONLY___ ═
2021-06-15 13:36:55,757 INFO     ___FILE_ONLY___ ═
2021-06-15 13:36:56,038 INFO     ___FILE_ONLY___ ═
2021-06-15 13:36:56,065 INFO     ___FILE_ONLY___ ═
2021-06-15 13:36:56,084 INFO     ___FILE_ONLY___ ═
2021-06-15 13:36:56,107 INFO     ___FILE_ONLY___ ═
2021-06-15 13:36:56,126 INFO     ___FILE_ONLY___ ═
2021-06-15 13:36:56,146 INFO     ___FILE_ONLY___ ═
2021-06-15 13:36:56,164 INFO     ___FILE_ONLY___ ═
2021-06-15 13:36:56,182 INFO     ___FILE_ONLY___ ═
2021-06-15 13:36:56,198 INFO     ___FILE_ONLY___ ═
2021-06-15 13:36:56,217 INFO     ___FILE_ONLY___ ═
2021-06-15 13:36:56,236 INFO     ___FILE_ONLY___ ═
2021-06-15 13:36:56,254 INFO     ___FILE_ONLY___ ═
2021-06-15 13:36:56,281 INFO     ___FILE_ONLY___ ═
2021-06-15 13:36:56,307 INFO     ___FILE_ONLY___ ═
2021-06-15 13:36:56,329 INFO     ___FILE_ONLY___ ═
2021-06-15 13:36:56,352 INFO     ___FILE_ONLY___ ═
2021-06-15 13:36:56,372 INFO     ___FILE_ONLY___ ═
2021-06-15 13:36:56,396 INFO     ___FILE_ONLY___ ═
2021-06-15 13:36:56,420 INFO     ___FILE_ONLY___ ═
2021-06-15 13:36:56,440 INFO     ___FILE_ONLY___ ═
2021-06-15 13:36:56,460 INFO     ___FILE_ONLY___ ═
2021-06-15 13:36:56,477 INFO     ___FILE_ONLY___ ═
2021-06-15 13:36:56,494 INFO     ___FILE_ONLY___ ═
2021-06-15 13:36:56,513 INFO     ___FILE_ONLY___ ═
2021-06-15 13:36:56,529 INFO     ___FILE_ONLY___ ═
2021-06-15 13:36:56,546 INFO     ___FILE_ONLY___ ═
2021-06-15 13:36:56,562 INFO     ___FILE_ONLY___ ═
2021-06-15 13:36:56,578 INFO     ___FILE_ONLY___ ═
2021-06-15 13:36:56,604 INFO     ___FILE_ONLY___ ═
2021-06-15 13:36:56,633 INFO     ___FILE_ONLY___ ═
2021-06-15 13:36:56,633 INFO     ___FILE_ONLY___ ╝

2021-06-15 13:36:56,681 INFO     ___FILE_ONLY___ ╔════════════════════════════════════════════════════════════╗

2021-06-15 13:36:56,681 INFO     ___FILE_ONLY___ ╠═ Installing: Cloud Storage Command Line Tool (Platform... ═╣

2021-06-15 13:36:56,681 INFO     ___FILE_ONLY___ ╚
2021-06-15 13:36:56,685 DEBUG    urllib3.connectionpool Starting new HTTPS connection (1): dl.google.com:443
2021-06-15 13:36:56,708 DEBUG    urllib3.connectionpool https://dl.google.com:443 "GET /dl/cloudsdk/channels/rapid/components/google-cloud-sdk-gsutil-nix-20210312165631.tar.gz HTTP/1.1" 200 1861
2021-06-15 13:36:56,709 INFO     ___FILE_ONLY___ ══════════════════════════════
2021-06-15 13:36:56,710 INFO     ___FILE_ONLY___ ══════════════════════════════
2021-06-15 13:36:56,711 INFO     ___FILE_ONLY___ ╝

2021-06-15 13:36:56,721 INFO     ___FILE_ONLY___ ╔════════════════════════════════════════════════════════════╗

2021-06-15 13:36:56,721 INFO     ___FILE_ONLY___ ╠═ Installing: Default set of gcloud commands               ═╣

2021-06-15 13:36:56,721 INFO     ___FILE_ONLY___ ╚
2021-06-15 13:36:56,726 INFO     ___FILE_ONLY___ ════════════════════════════════════════════════════════════
2021-06-15 13:36:56,726 INFO     ___FILE_ONLY___ ╝

2021-06-15 13:36:56,730 INFO     ___FILE_ONLY___ ╔════════════════════════════════════════════════════════════╗

2021-06-15 13:36:56,730 INFO     ___FILE_ONLY___ ╠═ Installing: anthoscli                                    ═╣

2021-06-15 13:36:56,730 INFO     ___FILE_ONLY___ ╚
2021-06-15 13:36:56,734 DEBUG    urllib3.connectionpool Starting new HTTPS connection (1): dl.google.com:443
2021-06-15 13:36:56,756 DEBUG    urllib3.connectionpool https://dl.google.com:443 "GET /dl/cloudsdk/channels/rapid/components/google-cloud-sdk-anthoscli-linux-x86_64-20210319145032.tar.gz HTTP/1.1" 200 49281564
2021-06-15 13:36:57,142 INFO     ___FILE_ONLY___ ═
2021-06-15 13:36:57,145 INFO     ___FILE_ONLY___ ═
2021-06-15 13:36:57,147 INFO     ___FILE_ONLY___ ═
2021-06-15 13:36:57,150 INFO     ___FILE_ONLY___ ═
2021-06-15 13:36:57,152 INFO     ___FILE_ONLY___ ═
2021-06-15 13:36:57,154 INFO     ___FILE_ONLY___ ═
2021-06-15 13:36:57,156 INFO     ___FILE_ONLY___ ═
2021-06-15 13:36:57,159 INFO     ___FILE_ONLY___ ═
2021-06-15 13:36:57,161 INFO     ___FILE_ONLY___ ═
2021-06-15 13:36:57,163 INFO     ___FILE_ONLY___ ═
2021-06-15 13:36:57,166 INFO     ___FILE_ONLY___ ═
2021-06-15 13:36:57,168 INFO     ___FILE_ONLY___ ═
2021-06-15 13:36:57,170 INFO     ___FILE_ONLY___ ═
2021-06-15 13:36:57,173 INFO     ___FILE_ONLY___ ═
2021-06-15 13:36:57,175 INFO     ___FILE_ONLY___ ═
2021-06-15 13:36:57,177 INFO     ___FILE_ONLY___ ═
2021-06-15 13:36:57,180 INFO     ___FILE_ONLY___ ═
2021-06-15 13:36:57,182 INFO     ___FILE_ONLY___ ═
2021-06-15 13:36:57,184 INFO     ___FILE_ONLY___ ═
2021-06-15 13:36:57,186 INFO     ___FILE_ONLY___ ═
2021-06-15 13:36:57,189 INFO     ___FILE_ONLY___ ═
2021-06-15 13:36:57,191 INFO     ___FILE_ONLY___ ═
2021-06-15 13:36:57,193 INFO     ___FILE_ONLY___ ═
2021-06-15 13:36:57,196 INFO     ___FILE_ONLY___ ═
2021-06-15 13:36:57,198 INFO     ___FILE_ONLY___ ═
2021-06-15 13:36:57,200 INFO     ___FILE_ONLY___ ═
2021-06-15 13:36:57,203 INFO     ___FILE_ONLY___ ═
2021-06-15 13:36:57,205 INFO     ___FILE_ONLY___ ═
2021-06-15 13:36:57,207 INFO     ___FILE_ONLY___ ═
2021-06-15 13:36:57,209 INFO     ___FILE_ONLY___ ═
2021-06-15 13:36:59,029 INFO     ___FILE_ONLY___ ══════════
2021-06-15 13:36:59,035 INFO     ___FILE_ONLY___ ═════════
2021-06-15 13:36:59,060 INFO     ___FILE_ONLY___ ═══════════
2021-06-15 13:36:59,060 INFO     ___FILE_ONLY___ ╝

2021-06-15 13:36:59,080 INFO     ___FILE_ONLY___ ╔════════════════════════════════════════════════════════════╗

2021-06-15 13:36:59,080 INFO     ___FILE_ONLY___ ╠═ Installing: anthoscli                                    ═╣

2021-06-15 13:36:59,081 INFO     ___FILE_ONLY___ ╚
2021-06-15 13:36:59,085 INFO     ___FILE_ONLY___ ════════════════════════════════════════════════════════════
2021-06-15 13:36:59,085 INFO     ___FILE_ONLY___ ╝

2021-06-15 13:36:59,089 INFO     ___FILE_ONLY___ ╔════════════════════════════════════════════════════════════╗

2021-06-15 13:36:59,089 INFO     ___FILE_ONLY___ ╠═ Installing: gcloud cli dependencies                      ═╣

2021-06-15 13:36:59,089 INFO     ___FILE_ONLY___ ╚
2021-06-15 13:36:59,093 DEBUG    urllib3.connectionpool Starting new HTTPS connection (1): dl.google.com:443
2021-06-15 13:36:59,116 DEBUG    urllib3.connectionpool https://dl.google.com:443 "GET /dl/cloudsdk/channels/rapid/components/google-cloud-sdk-gcloud-deps-linux-x86_64-20210416153011.tar.gz HTTP/1.1" 200 104
2021-06-15 13:36:59,117 INFO     ___FILE_ONLY___ ══════════════════════════════
2021-06-15 13:36:59,118 INFO     ___FILE_ONLY___ ══════════════════════════════
2021-06-15 13:36:59,118 INFO     ___FILE_ONLY___ ╝

2021-06-15 13:36:59,129 INFO     ___FILE_ONLY___ ╔════════════════════════════════════════════════════════════╗

2021-06-15 13:36:59,129 INFO     ___FILE_ONLY___ ╠═ Creating backup and activating new installation          ═╣

2021-06-15 13:36:59,129 INFO     ___FILE_ONLY___ ╚
2021-06-15 13:36:59,129 DEBUG    root            Attempting to move directory [/tools/google-cloud-sdk] to [/tools/google-cloud-sdk.staging/.install/.backup]
2021-06-15 13:36:59,130 INFO     ___FILE_ONLY___ ══════════════════════════════
2021-06-15 13:36:59,130 DEBUG    root            Attempting to move directory [/tools/google-cloud-sdk.staging] to [/tools/google-cloud-sdk]
2021-06-15 13:36:59,130 INFO     ___FILE_ONLY___ ══════════════════════════════
2021-06-15 13:36:59,130 INFO     ___FILE_ONLY___ ╝

2021-06-15 13:36:59,134 DEBUG    root            Updating notification cache...
2021-06-15 13:36:59,135 INFO     ___FILE_ONLY___ 

2021-06-15 13:36:59,138 INFO     ___FILE_ONLY___ Performing post processing steps...
2021-06-15 13:36:59,139 DEBUG    root            Executing command: ['python3', '-S', '/tools/google-cloud-sdk/lib/gcloud.py', 'components', 'post-process']
2021-06-15 13:37:14,969 DEBUG    ___FILE_ONLY___ 
2021-06-15 13:37:14,970 DEBUG    ___FILE_ONLY___ 
2021-06-15 13:37:15,190 INFO     ___FILE_ONLY___ 
Update done!


2021-06-15 13:37:15,195 INFO     root            Display format: "none"
